Starting Terraform apply...
[0m[1mInitializing the backend...[0m
[0m[1mInitializing modules...[0m
[0m[1mInitializing provider plugins...[0m
- Reusing previous version of hashicorp/google from the dependency lock file
- Using previously-installed hashicorp/google v6.50.0

[0m[1m[32mTerraform has been successfully initialized![0m[32m[0m
[0m[32m
You may now begin working with Terraform. Try running "terraform plan" to see
any changes that are required for your infrastructure. All Terraform commands
should now work.

If you ever set or change modules or backend configuration for Terraform,
rerun this command to reinitialize your working directory. If you forget, other
commands will detect it and remind you to do so if necessary.[0m
[0m[1mgoogle_compute_firewall.allow_api: Refreshing state... [id=projects/kijaniosk-devops/global/firewalls/kijanikiosk-staging-allow-api][0m
[0m[1mgoogle_compute_firewall.allow_ssh: Refreshing state... [id=projects/kijaniosk-devops/global/firewalls/kijanikiosk-staging-allow-ssh][0m
[0m[1mgoogle_compute_firewall.allow_logs: Refreshing state... [id=projects/kijaniosk-devops/global/firewalls/kijanikiosk-staging-allow-logs][0m
[0m[1mgoogle_compute_firewall.allow_payments: Refreshing state... [id=projects/kijaniosk-devops/global/firewalls/kijanikiosk-staging-allow-payments][0m
[0m[1mmodule.app_server["logs"].google_compute_instance.this: Refreshing state... [id=projects/kijaniosk-devops/zones/africa-south1-a/instances/kk-logs][0m
[0m[1mmodule.app_server["payments"].google_compute_instance.this: Refreshing state... [id=projects/kijaniosk-devops/zones/africa-south1-a/instances/kk-payments][0m
[0m[1mmodule.app_server["api"].google_compute_instance.this: Refreshing state... [id=projects/kijaniosk-devops/zones/africa-south1-a/instances/kk-api][0m

[0m[1m[32mNo changes.[0m[1m Your infrastructure matches the configuration.[0m

[0mTerraform has compared your real infrastructure against your configuration
and found no differences, so no changes are needed.
[0m[1m[32m
Apply complete! Resources: 0 added, 0 changed, 0 destroyed.[0m
[0m[1m[32m
Outputs:

[0mapi_server_ip = "34.35.169.19"
logs_server_ip = "34.35.188.73"
payments_server_ip = "34.35.126.225"
ssh_commands = {
  "api" = "ssh ubuntu@34.35.169.19"
  "logs" = "ssh ubuntu@34.35.188.73"
  "payments" = "ssh ubuntu@34.35.126.225"
}
Extracting Terraform outputs...
Writing dynamic Ansible inventory...
Running Ansible playbook...

PLAY [Configure all KijaniKiosk servers] ***************************************

TASK [Gathering Facts] *********************************************************
ok: [logs]
ok: [api]
ok: [payments]

TASK [Update apt cache] ********************************************************
changed: [logs]
changed: [api]
changed: [payments]

TASK [Install required packages] ***********************************************
ok: [logs]
ok: [api]
ok: [payments]

TASK [Ensure service group exists] *********************************************
changed: [payments] => (item=kk-api)
changed: [logs] => (item=kk-api)
changed: [api] => (item=kk-api)
changed: [payments] => (item=kk-payments)
changed: [logs] => (item=kk-payments)
changed: [api] => (item=kk-payments)
changed: [payments] => (item=kk-logs)
changed: [logs] => (item=kk-logs)
changed: [api] => (item=kk-logs)

TASK [Ensure service users exist] **********************************************
changed: [payments] => (item=kk-api)
changed: [logs] => (item=kk-api)
changed: [api] => (item=kk-api)
changed: [payments] => (item=kk-payments)
changed: [logs] => (item=kk-payments)
changed: [api] => (item=kk-payments)
changed: [payments] => (item=kk-logs)
changed: [logs] => (item=kk-logs)
changed: [api] => (item=kk-logs)

TASK [Ensure application base directory exists] ********************************
changed: [payments]
changed: [logs]
changed: [api]

TASK [Ensure configuration directory exists] ***********************************
changed: [payments]
changed: [logs]
changed: [api]

TASK [Ensure log directory exists] *********************************************
changed: [payments]
changed: [logs]
changed: [api]

TASK [Ensure data directory exists] ********************************************
changed: [payments]
changed: [logs]
changed: [api]

TASK [Deploy environment file] *************************************************
changed: [payments]
changed: [logs]
changed: [api]

TASK [Deploy systemd unit file] ************************************************
changed: [payments]
changed: [api]
changed: [logs]

TASK [Ensure service is enabled and started] ***********************************
changed: [api]
changed: [logs]
changed: [payments]

TASK [Allow OpenSSH in UFW] ****************************************************
changed: [api]
changed: [logs]
changed: [payments]

TASK [Allow application port in UFW] *******************************************
changed: [api]
changed: [payments]
changed: [logs]

TASK [Enable UFW] **************************************************************
changed: [api]
changed: [logs]
changed: [payments]

TASK [Ensure journald directory exists] ****************************************
ok: [payments]
ok: [api]
ok: [logs]

TASK [Enable persistent journaling] ********************************************
changed: [api]
changed: [payments]
changed: [logs]

TASK [Deploy logrotate configuration] ******************************************
changed: [api]
changed: [payments]
changed: [logs]

RUNNING HANDLER [reload systemd] ***********************************************
ok: [api]
ok: [logs]
ok: [payments]

RUNNING HANDLER [restart service] **********************************************
changed: [logs]
changed: [api]
changed: [payments]

PLAY RECAP *********************************************************************
api                        : ok=20   changed=16   unreachable=0    failed=0    skipped=0    rescued=0    ignored=0   
logs                       : ok=20   changed=16   unreachable=0    failed=0    skipped=0    rescued=0    ignored=0   
payments                   : ok=20   changed=16   unreachable=0    failed=0    skipped=0    rescued=0    ignored=0   

